<?xml version="1.0" encoding="UTF-8"?>
<!-- Generated by org.testng.reporters.JUnitReportReporter -->
<testsuite skipped="0" hostname="IBM-Testing01" name="practice_test.AddToBasket" tests="1" failures="0" timestamp="23 Jan 2020 08:41:19 GMT" time="243.537" errors="0">
  <testcase name="book" time="243.537" classname="practice_test.AddToBasket"/>
</testsuite> <!-- practice_test.AddToBasket -->
